<?xml version="1.0" encoding="UTF-8"?>
<testng-results skipped="1" failed="1" total="6" passed="4">
  <reporter-output>
    <line>
      <![CDATA[now executing TestCase4 TestDesc4]]>
    </line>
    <line>
      <![CDATA[now executing TestCase6 TestDesc6]]>
    </line>
    <line>
      <![CDATA[now executing TestCase5 TestDesc5]]>
    </line>
    <line>
      <![CDATA[now executing TestCase2 TestDesc2]]>
    </line>
  </reporter-output>
  <suite name="Default suite" duration-ms="44" started-at="2014-12-20T18:35:04Z" finished-at="2014-12-20T18:35:04Z">
    <groups>
    </groups>
    <test name="Default test" duration-ms="44" started-at="2014-12-20T18:35:04Z" finished-at="2014-12-20T18:35:04Z">
      <class name="keywordutilities.NewTest">
        <test-method status="PASS" signature="setUp()[pri:0, instance:keywordutilities.NewTest@12eb71e]" test-instance-name="TestCase4 TestDesc4" name="setUp" is-config="true" duration-ms="7" started-at="2014-12-20T10:35:04Z" finished-at="2014-12-20T10:35:04Z">
          <reporter-output>
          </reporter-output>
        </test-method> <!-- setUp -->
        <test-method status="PASS" signature="f()[pri:0, instance:keywordutilities.NewTest@11d7dda]" test-instance-name="TestCase4 TestDesc4" name="f" duration-ms="13" started-at="2014-12-20T10:35:04Z" finished-at="2014-12-20T10:35:04Z">
          <reporter-output>
            <line>
              <![CDATA[now executing TestCase4 TestDesc4]]>
            </line>
          </reporter-output>
        </test-method> <!-- f -->
        <test-method status="PASS" signature="tearDown()[pri:0, instance:keywordutilities.NewTest@12eb71e]" test-instance-name="TestCase4 TestDesc4" name="tearDown" is-config="true" duration-ms="1" started-at="2014-12-20T10:35:04Z" finished-at="2014-12-20T10:35:04Z">
          <reporter-output>
          </reporter-output>
        </test-method> <!-- tearDown -->
        <test-method status="PASS" signature="f()[pri:0, instance:keywordutilities.NewTest@12eb71e]" test-instance-name="TestCase6 TestDesc6" name="f" duration-ms="1" started-at="2014-12-20T10:35:04Z" finished-at="2014-12-20T10:35:04Z">
          <reporter-output>
            <line>
              <![CDATA[now executing TestCase6 TestDesc6]]>
            </line>
          </reporter-output>
        </test-method> <!-- f -->
        <test-method status="PASS" signature="setUp()[pri:0, instance:keywordutilities.NewTest@12eb71e]" test-instance-name="TestCase6 TestDesc6" name="setUp" is-config="true" duration-ms="0" started-at="2014-12-20T10:35:04Z" finished-at="2014-12-20T10:35:04Z">
          <reporter-output>
          </reporter-output>
        </test-method> <!-- setUp -->
        <test-method status="PASS" signature="tearDown()[pri:0, instance:keywordutilities.NewTest@12eb71e]" test-instance-name="TestCase6 TestDesc6" name="tearDown" is-config="true" duration-ms="1" started-at="2014-12-20T10:35:04Z" finished-at="2014-12-20T10:35:04Z">
          <reporter-output>
          </reporter-output>
        </test-method> <!-- tearDown -->
        <test-method status="PASS" signature="setUp()[pri:0, instance:keywordutilities.NewTest@12eb71e]" test-instance-name="TestCase5 TestDesc5" name="setUp" is-config="true" duration-ms="0" started-at="2014-12-20T10:35:04Z" finished-at="2014-12-20T10:35:04Z">
          <reporter-output>
          </reporter-output>
        </test-method> <!-- setUp -->
        <test-method status="PASS" signature="f()[pri:0, instance:keywordutilities.NewTest@1318953]" test-instance-name="TestCase5 TestDesc5" name="f" duration-ms="0" started-at="2014-12-20T10:35:04Z" finished-at="2014-12-20T10:35:04Z">
          <reporter-output>
            <line>
              <![CDATA[now executing TestCase5 TestDesc5]]>
            </line>
          </reporter-output>
        </test-method> <!-- f -->
        <test-method status="PASS" signature="setUp()[pri:0, instance:keywordutilities.NewTest@12eb71e]" test-instance-name="TestCase3 TestDesc3" name="setUp" is-config="true" duration-ms="0" started-at="2014-12-20T10:35:04Z" finished-at="2014-12-20T10:35:04Z">
          <reporter-output>
          </reporter-output>
        </test-method> <!-- setUp -->
        <test-method status="PASS" signature="tearDown()[pri:0, instance:keywordutilities.NewTest@12eb71e]" test-instance-name="TestCase5 TestDesc5" name="tearDown" is-config="true" duration-ms="0" started-at="2014-12-20T10:35:04Z" finished-at="2014-12-20T10:35:04Z">
          <reporter-output>
          </reporter-output>
        </test-method> <!-- tearDown -->
        <test-method status="SKIP" signature="f()[pri:0, instance:keywordutilities.NewTest@4f8ea3]" test-instance-name="TestCase3 TestDesc3" name="f" duration-ms="0" started-at="2014-12-20T10:35:04Z" finished-at="2014-12-20T10:35:04Z">
          <exception class="org.testng.SkipException">
            <message>
              <![CDATA[Skipping TestCase3 - This is not ready for testing ]]>
            </message>
            <full-stacktrace>
              <![CDATA[org.testng.SkipException: Skipping TestCase3 - This is not ready for testing 
	at keywordutilities.NewTest.f(NewTest.java:54)
	at sun.reflect.NativeMethodAccessorImpl.invoke0(Native Method)
	at sun.reflect.NativeMethodAccessorImpl.invoke(NativeMethodAccessorImpl.java:57)
	at sun.reflect.DelegatingMethodAccessorImpl.invoke(DelegatingMethodAccessorImpl.java:43)
	at java.lang.reflect.Method.invoke(Method.java:601)
	at org.testng.internal.MethodInvocationHelper.invokeMethod(MethodInvocationHelper.java:84)
	at org.testng.internal.Invoker.invokeMethod(Invoker.java:714)
	at org.testng.internal.Invoker.invokeTestMethod(Invoker.java:901)
	at org.testng.internal.Invoker.invokeTestMethods(Invoker.java:1231)
	at org.testng.internal.TestMethodWorker.invokeTestMethods(TestMethodWorker.java:127)
	at org.testng.internal.TestMethodWorker.run(TestMethodWorker.java:111)
	at org.testng.TestRunner.privateRun(TestRunner.java:767)
	at org.testng.TestRunner.run(TestRunner.java:617)
	at org.testng.SuiteRunner.runTest(SuiteRunner.java:334)
	at org.testng.SuiteRunner.runSequentially(SuiteRunner.java:329)
	at org.testng.SuiteRunner.privateRun(SuiteRunner.java:291)
	at org.testng.SuiteRunner.run(SuiteRunner.java:240)
	at org.testng.SuiteRunnerWorker.runSuite(SuiteRunnerWorker.java:52)
	at org.testng.SuiteRunnerWorker.run(SuiteRunnerWorker.java:86)
	at org.testng.TestNG.runSuitesSequentially(TestNG.java:1224)
	at org.testng.TestNG.runSuitesLocally(TestNG.java:1149)
	at org.testng.TestNG.run(TestNG.java:1057)
	at org.testng.remote.RemoteTestNG.run(RemoteTestNG.java:111)
	at org.testng.remote.RemoteTestNG.initAndRun(RemoteTestNG.java:204)
	at org.testng.remote.RemoteTestNG.main(RemoteTestNG.java:175)
]]>
            </full-stacktrace>
          </exception> <!-- org.testng.SkipException -->
          <reporter-output>
          </reporter-output>
        </test-method> <!-- f -->
        <test-method status="PASS" signature="setUp()[pri:0, instance:keywordutilities.NewTest@12eb71e]" test-instance-name="TestCase1 TestDesc1" name="setUp" is-config="true" duration-ms="1" started-at="2014-12-20T10:35:04Z" finished-at="2014-12-20T10:35:04Z">
          <reporter-output>
          </reporter-output>
        </test-method> <!-- setUp -->
        <test-method status="PASS" signature="tearDown()[pri:0, instance:keywordutilities.NewTest@12eb71e]" test-instance-name="TestCase3 TestDesc3" name="tearDown" is-config="true" duration-ms="0" started-at="2014-12-20T10:35:04Z" finished-at="2014-12-20T10:35:04Z">
          <reporter-output>
          </reporter-output>
        </test-method> <!-- tearDown -->
        <test-method status="FAIL" signature="f()[pri:0, instance:keywordutilities.NewTest@86b7bb]" test-instance-name="TestCase1 TestDesc1" name="f" duration-ms="3" started-at="2014-12-20T10:35:04Z" finished-at="2014-12-20T10:35:04Z">
          <exception class="junit.framework.AssertionFailedError">
            <message>
              <![CDATA[Failed due to fucking problem]]>
            </message>
            <full-stacktrace>
              <![CDATA[junit.framework.AssertionFailedError: Failed due to fucking problem
	at junit.framework.Assert.fail(Assert.java:47)
	at keywordutilities.NewTest.f(NewTest.java:57)
	at sun.reflect.NativeMethodAccessorImpl.invoke0(Native Method)
	at sun.reflect.NativeMethodAccessorImpl.invoke(NativeMethodAccessorImpl.java:57)
	at sun.reflect.DelegatingMethodAccessorImpl.invoke(DelegatingMethodAccessorImpl.java:43)
	at java.lang.reflect.Method.invoke(Method.java:601)
	at org.testng.internal.MethodInvocationHelper.invokeMethod(MethodInvocationHelper.java:84)
	at org.testng.internal.Invoker.invokeMethod(Invoker.java:714)
	at org.testng.internal.Invoker.invokeTestMethod(Invoker.java:901)
	at org.testng.internal.Invoker.invokeTestMethods(Invoker.java:1231)
	at org.testng.internal.TestMethodWorker.invokeTestMethods(TestMethodWorker.java:127)
	at org.testng.internal.TestMethodWorker.run(TestMethodWorker.java:111)
	at org.testng.TestRunner.privateRun(TestRunner.java:767)
	at org.testng.TestRunner.run(TestRunner.java:617)
	at org.testng.SuiteRunner.runTest(SuiteRunner.java:334)
	at org.testng.SuiteRunner.runSequentially(SuiteRunner.java:329)
	at org.testng.SuiteRunner.privateRun(SuiteRunner.java:291)
	at org.testng.SuiteRunner.run(SuiteRunner.java:240)
	at org.testng.SuiteRunnerWorker.runSuite(SuiteRunnerWorker.java:52)
	at org.testng.SuiteRunnerWorker.run(SuiteRunnerWorker.java:86)
	at org.testng.TestNG.runSuitesSequentially(TestNG.java:1224)
	at org.testng.TestNG.runSuitesLocally(TestNG.java:1149)
	at org.testng.TestNG.run(TestNG.java:1057)
	at org.testng.remote.RemoteTestNG.run(RemoteTestNG.java:111)
	at org.testng.remote.RemoteTestNG.initAndRun(RemoteTestNG.java:204)
	at org.testng.remote.RemoteTestNG.main(RemoteTestNG.java:175)
]]>
            </full-stacktrace>
          </exception> <!-- junit.framework.AssertionFailedError -->
          <reporter-output>
          </reporter-output>
        </test-method> <!-- f -->
        <test-method status="PASS" signature="tearDown()[pri:0, instance:keywordutilities.NewTest@12eb71e]" test-instance-name="TestCase1 TestDesc1" name="tearDown" is-config="true" duration-ms="0" started-at="2014-12-20T10:35:04Z" finished-at="2014-12-20T10:35:04Z">
          <reporter-output>
          </reporter-output>
        </test-method> <!-- tearDown -->
        <test-method status="PASS" signature="setUp()[pri:0, instance:keywordutilities.NewTest@12eb71e]" test-instance-name="TestCase2 TestDesc2" name="setUp" is-config="true" duration-ms="1" started-at="2014-12-20T10:35:04Z" finished-at="2014-12-20T10:35:04Z">
          <reporter-output>
          </reporter-output>
        </test-method> <!-- setUp -->
        <test-method status="PASS" signature="f()[pri:0, instance:keywordutilities.NewTest@887b30]" test-instance-name="TestCase2 TestDesc2" name="f" duration-ms="0" started-at="2014-12-20T10:35:04Z" finished-at="2014-12-20T10:35:04Z">
          <reporter-output>
            <line>
              <![CDATA[now executing TestCase2 TestDesc2]]>
            </line>
          </reporter-output>
        </test-method> <!-- f -->
        <test-method status="PASS" signature="tearDown()[pri:0, instance:keywordutilities.NewTest@12eb71e]" test-instance-name="TestCase2 TestDesc2" name="tearDown" is-config="true" duration-ms="0" started-at="2014-12-20T10:35:04Z" finished-at="2014-12-20T10:35:04Z">
          <reporter-output>
          </reporter-output>
        </test-method> <!-- tearDown -->
      </class> <!-- keywordutilities.NewTest -->
    </test> <!-- Default test -->
  </suite> <!-- Default suite -->
</testng-results>
