<?xml version="1.0" encoding="UTF-8"?>
<testng-results skipped="0" failed="1" total="2" passed="1">
  <reporter-output>
  </reporter-output>
  <suite name="Default suite" duration-ms="43" started-at="2015-01-31T13:26:14Z" finished-at="2015-01-31T13:26:14Z">
    <groups>
    </groups>
    <test name="Default test" duration-ms="43" started-at="2015-01-31T13:26:14Z" finished-at="2015-01-31T13:26:14Z">
      <class name="keywordutilities.NewTest">
        <test-method status="PASS" signature="setUp()[pri:0, instance:keywordutilities.NewTest@4b9a0203]" name="setUp" is-config="true" duration-ms="7" started-at="2015-01-31T18:56:14Z" finished-at="2015-01-31T18:56:14Z">
          <reporter-output>
          </reporter-output>
        </test-method> <!-- setUp -->
        <test-method status="PASS" signature="f()[pri:0, instance:keywordutilities.NewTest@4b9a0203]" name="f" duration-ms="13" started-at="2015-01-31T18:56:14Z" finished-at="2015-01-31T18:56:14Z">
          <reporter-output>
          </reporter-output>
        </test-method> <!-- f -->
        <test-method status="PASS" signature="tearDown()[pri:0, instance:keywordutilities.NewTest@4b9a0203]" name="tearDown" is-config="true" duration-ms="1" started-at="2015-01-31T18:56:14Z" finished-at="2015-01-31T18:56:14Z">
          <reporter-output>
          </reporter-output>
        </test-method> <!-- tearDown -->
        <test-method status="PASS" signature="setUp()[pri:0, instance:keywordutilities.NewTest@4b9a0203]" name="setUp" is-config="true" duration-ms="1" started-at="2015-01-31T18:56:14Z" finished-at="2015-01-31T18:56:14Z">
          <reporter-output>
          </reporter-output>
        </test-method> <!-- setUp -->
        <test-method status="FAIL" signature="f()[pri:0, instance:keywordutilities.NewTest@53797795]" name="f" duration-ms="4" started-at="2015-01-31T18:56:14Z" finished-at="2015-01-31T18:56:14Z">
          <exception class="junit.framework.AssertionFailedError">
            <message>
              <![CDATA[Failed due to fucking problem]]>
            </message>
            <full-stacktrace>
              <![CDATA[junit.framework.AssertionFailedError: Failed due to fucking problem
	at junit.framework.Assert.fail(Assert.java:47)
	at keywordutilities.NewTest.f(NewTest.java:57)
	at sun.reflect.NativeMethodAccessorImpl.invoke0(Native Method)
	at sun.reflect.NativeMethodAccessorImpl.invoke(NativeMethodAccessorImpl.java:39)
	at sun.reflect.DelegatingMethodAccessorImpl.invoke(DelegatingMethodAccessorImpl.java:25)
	at java.lang.reflect.Method.invoke(Method.java:597)
	at org.testng.internal.MethodInvocationHelper.invokeMethod(MethodInvocationHelper.java:84)
	at org.testng.internal.Invoker.invokeMethod(Invoker.java:714)
	at org.testng.internal.Invoker.invokeTestMethod(Invoker.java:901)
	at org.testng.internal.Invoker.invokeTestMethods(Invoker.java:1231)
	at org.testng.internal.TestMethodWorker.invokeTestMethods(TestMethodWorker.java:127)
	at org.testng.internal.TestMethodWorker.run(TestMethodWorker.java:111)
	at org.testng.TestRunner.privateRun(TestRunner.java:767)
	at org.testng.TestRunner.run(TestRunner.java:617)
	at org.testng.SuiteRunner.runTest(SuiteRunner.java:334)
	at org.testng.SuiteRunner.runSequentially(SuiteRunner.java:329)
	at org.testng.SuiteRunner.privateRun(SuiteRunner.java:291)
	at org.testng.SuiteRunner.run(SuiteRunner.java:240)
	at org.testng.SuiteRunnerWorker.runSuite(SuiteRunnerWorker.java:52)
	at org.testng.SuiteRunnerWorker.run(SuiteRunnerWorker.java:86)
	at org.testng.TestNG.runSuitesSequentially(TestNG.java:1224)
	at org.testng.TestNG.runSuitesLocally(TestNG.java:1149)
	at org.testng.TestNG.run(TestNG.java:1057)
	at org.testng.remote.RemoteTestNG.run(RemoteTestNG.java:111)
	at org.testng.remote.RemoteTestNG.initAndRun(RemoteTestNG.java:204)
	at org.testng.remote.RemoteTestNG.main(RemoteTestNG.java:175)
]]>
            </full-stacktrace>
          </exception> <!-- junit.framework.AssertionFailedError -->
          <reporter-output>
          </reporter-output>
        </test-method> <!-- f -->
        <test-method status="PASS" signature="tearDown()[pri:0, instance:keywordutilities.NewTest@4b9a0203]" name="tearDown" is-config="true" duration-ms="1" started-at="2015-01-31T18:56:14Z" finished-at="2015-01-31T18:56:14Z">
          <reporter-output>
          </reporter-output>
        </test-method> <!-- tearDown -->
      </class> <!-- keywordutilities.NewTest -->
    </test> <!-- Default test -->
  </suite> <!-- Default suite -->
</testng-results>
